=== [exp1_baseline_reproduction] started 2026-07-02T14:09:54.286171+00:00 ===
Model parameters: 8.43M

### Per-class metrics — Classifier on REAL test data
| Class      |  Precision |     Recall |         F1 |
|------------|------------|------------|------------|
| Normal     |     0.8829 |     0.9626 |     0.9210 |
| STEMI      |     0.7912 |     0.6977 |     0.7415 |
| NSTEMI     |     0.7134 |     0.6324 |     0.6705 |
| AFIB       |     0.5641 |     0.5000 |     0.5301 |
Stage 1 (real data) — accuracy=0.8349  macro_f1=0.7158  macro_auc=0.9554486012020065

### Per-class metrics — Classifier on GENERATED data
| Class      |  Precision |     Recall |         F1 |
|------------|------------|------------|------------|
| Normal     |     0.7662 |     0.5900 |     0.6667 |
| STEMI      |     0.4897 |     0.9500 |     0.6463 |
| NSTEMI     |     0.8000 |     0.1200 |     0.2087 |
| AFIB       |     0.0000 |     0.0000 |     0.0000 |
Stage 2 (generated data) — accuracy=0.5533  macro_f1=0.3804  excluded=['AFIB']
Experiment 1 (real run) complete. best_val_loss=0.06236
=== [exp1_baseline_reproduction] finished 2026-07-02T21:03:46.631543+00:00 (24832.3s) status=success ===

----- STDERR -----
/usershome/cs671_user13/naman/HCL/Projects/ECG-Diffusion-RL-Research/step04_transformer_diffusion.py:839: FutureWarning: `torch.cuda.amp.GradScaler(args...)` is deprecated. Please use `torch.amp.GradScaler('cuda', args...)` instead.
  scaler    = torch.cuda.amp.GradScaler(enabled=use_amp)
/usershome/cs671_user13/naman/HCL/Projects/ECG-Diffusion-RL-Research/step04_transformer_diffusion.py:880: FutureWarning: `torch.cuda.amp.autocast(args...)` is deprecated. Please use `torch.amp.autocast('cuda', args...)` instead.
  with torch.cuda.amp.autocast(enabled=use_amp):
/usershome/cs671_user13/naman/HCL/Projects/ECG-Diffusion-RL-Research/step04_transformer_diffusion.py:918: FutureWarning: `torch.cuda.amp.autocast(args...)` is deprecated. Please use `torch.amp.autocast('cuda', args...)` instead.
  with torch.cuda.amp.autocast(enabled=use_amp):
/usershome/cs671_user13/.local/lib/python3.10/site-packages/sklearn/metrics/_classification.py:2524: UserWarning: y_pred contains classes not in y_true
  warnings.warn("y_pred contains classes not in y_true")
