=== [exp2_dataset_scaling_full] started 2026-07-03T04:49:19.698721+00:00 ===
=== [exp2_dataset_scaling_full] finished 2026-07-03T15:56:47.716693+00:00 (40048.0s) status=success ===

----- STDERR -----
/usershome/cs671_user13/naman/HCL/Projects/ECG-Diffusion-RL-Research/Roadmap/Stage_1_Diagnosis/Code/Experiment_2_Dataset_Scaling/run_dataset_scaling.py:151: FutureWarning: `torch.cuda.amp.GradScaler(args...)` is deprecated. Please use `torch.amp.GradScaler('cuda', args...)` instead.
  scaler = torch.cuda.amp.GradScaler(enabled=use_amp)
/usershome/cs671_user13/naman/HCL/Projects/ECG-Diffusion-RL-Research/Roadmap/Stage_1_Diagnosis/Code/Experiment_2_Dataset_Scaling/run_dataset_scaling.py:173: FutureWarning: `torch.cuda.amp.autocast(args...)` is deprecated. Please use `torch.amp.autocast('cuda', args...)` instead.
  with torch.cuda.amp.autocast(enabled=use_amp):
/usershome/cs671_user13/naman/HCL/Projects/ECG-Diffusion-RL-Research/Roadmap/Stage_1_Diagnosis/Code/Experiment_2_Dataset_Scaling/run_dataset_scaling.py:173: FutureWarning: `torch.cuda.amp.autocast(args...)` is deprecated. Please use `torch.amp.autocast('cuda', args...)` instead.
  with torch.cuda.amp.autocast(enabled=use_amp):
/usershome/cs671_user13/naman/HCL/Projects/ECG-Diffusion-RL-Research/Roadmap/Stage_1_Diagnosis/Code/Experiment_2_Dataset_Scaling/run_dataset_scaling.py:173: FutureWarning: `torch.cuda.amp.autocast(args...)` is deprecated. Please use `torch.amp.autocast('cuda', args...)` instead.
  with torch.cuda.amp.autocast(enabled=use_amp):
/usershome/cs671_user13/naman/HCL/Projects/ECG-Diffusion-RL-Research/Roadmap/Stage_1_Diagnosis/Code/Experiment_2_Dataset_Scaling/run_dataset_scaling.py:173: FutureWarning: `torch.cuda.amp.autocast(args...)` is deprecated. Please use `torch.amp.autocast('cuda', args...)` instead.
  with torch.cuda.amp.autocast(enabled=use_amp):
/usershome/cs671_user13/naman/HCL/Projects/ECG-Diffusion-RL-Research/Roadmap/Stage_1_Diagnosis/Code/Experiment_2_Dataset_Scaling/run_dataset_scaling.py:173: FutureWarning: `torch.cuda.amp.autocast(args...)` is deprecated. Please use `torch.amp.autocast('cuda', args...)` instead.
  with torch.cuda.amp.autocast(enabled=use_amp):
/usershome/cs671_user13/naman/HCL/Projects/ECG-Diffusion-RL-Research/Roadmap/Stage_1_Diagnosis/Code/Experiment_2_Dataset_Scaling/run_dataset_scaling.py:173: FutureWarning: `torch.cuda.amp.autocast(args...)` is deprecated. Please use `torch.amp.autocast('cuda', args...)` instead.
  with torch.cuda.amp.autocast(enabled=use_amp):
/usershome/cs671_user13/naman/HCL/Projects/ECG-Diffusion-RL-Research/Roadmap/Stage_1_Diagnosis/Code/Experiment_2_Dataset_Scaling/run_dataset_scaling.py:173: FutureWarning: `torch.cuda.amp.autocast(args...)` is deprecated. Please use `torch.amp.autocast('cuda', args...)` instead.
  with torch.cuda.amp.autocast(enabled=use_amp):
/usershome/cs671_user13/naman/HCL/Projects/ECG-Diffusion-RL-Research/Roadmap/Stage_1_Diagnosis/Code/Experiment_2_Dataset_Scaling/run_dataset_scaling.py:173: FutureWarning: `torch.cuda.amp.autocast(args...)` is deprecated. Please use `torch.amp.autocast('cuda', args...)` instead.
  with torch.cuda.amp.autocast(enabled=use_amp):
